#
# There is insufficient memory for the Java Runtime Environment to continue.
# Native memory allocation (malloc) failed to allocate 32784 bytes for Chunk::new
# Possible reasons:
#   The system is out of physical RAM or swap space
#   In 32 bit mode, the process size limit was hit
# Possible solutions:
#   Reduce memory load on the system
#   Increase physical memory or swap space
#   Check if swap backing store is full
#   Use 64 bit Java on a 64 bit OS
#   Decrease Java heap size (-Xmx/-Xms)
#   Decrease number of Java threads
#
#  Out of Memory Error, pid=4968
#
# Marking Bits: (ParMarkBitMap*) 0x0000000054603e30
 Begin Bits: [0x0000000012d30000, 0x0000000014cd8000)
 End Bits:   [0x0000000014cd8000, 0x0000000016c80000)

Polling page: 0x0000000000dd0000

CodeCache: size=245760Kb used=6485Kb max_used=6485Kb free=239274Kb
 bounds [0x00000000030c0000, 0x0000000003720000, 0x00000000120c0000]
 total_blobs=2376 nmethods=1867 adapters=421
 compilation: enabled

Compilation events (10 events):
Event: 7026.061 Thread 0x00000000179e4000 nmethod 1878 0x0000000003202310 code [0x00000000032024a0, 0x00000000032029e8]
Event: 7206.125 Thread 0x00000000179e4000 1879       3       java.util.concurrent.ThreadPoolExecutor$Worker::lock (6 bytes)
Event: 7206.126 Thread 0x00000000179e4000 nmethod 1879 0x0000000003718950 code [0x0000000003718b00, 0x00000000037192a8]
Event: 7206.126 Thread 0x00000000179e4000 1880       3       java.util.concurrent.ThreadPoolExecutor::runStateAtLeast (11 bytes)
Event: 7206.206 Thread 0x00000000179e4000 nmethod 1880 0x0000000003718610 code [0x0000000003718760, 0x00000000037188f0]
Event: 7206.223 Thread 0x00000000179e4000 1881       3       java.util.concurrent.ThreadPoolExecutor::beforeExecute (1 bytes)
Event: 7206.303 Thread 0x00000000179e4000 nmethod 1881 0x0000000003718310 code [0x0000000003718460, 0x00000000037185b0]
Event: 7236.140 Thread 0x00000000179e4000 1882       3       java.util.concurrent.ThreadPoolExecutor::afterExecute (1 bytes)
Event: 7236.158 Thread 0x00000000179e4000 nmethod 1882 0x0000000003718010 code [0x0000000003718160, 0x00000000037182b0]
Event: 7332.700 Thread 0x00000000179e2000 1883       4       sun.misc.URLClassPath::findResource (47 bytes)

GC Heap History (10 events):
Event: 3.092 GC heap before
{Heap before GC invocations=3 (full 0):
 PSYoungGen      total 38400K, used 32244K [0x00000000d5d00000, 0x00000000d8780000, 0x0000000100000000)
  eden space 33280K, 81% used [0x00000000d5d00000,0x00000000d7783e20,0x00000000d7d80000)
  from space 5120K, 99% used [0x00000000d8280000,0x00000000d8779510,0x00000000d8780000)
  to   space 5120K, 0% used [0x00000000d7d80000,0x00000000d7d80000,0x00000000d8280000)
 ParOldGen       total 87552K, used 1442K [0x0000000081600000, 0x0000000086b80000, 0x00000000d5d00000)
  object space 87552K, 1% used [0x0000000081600000,0x00000000817689d8,0x0000000086b80000)
 Metaspace       used 20775K, capacity 21090K, committed 21296K, reserved 1067008K
  class space    used 2768K, capacity 2843K, committed 2864K, reserved 1048576K
Event: 3.105 GC heap after
Heap after GC invocations=3 (full 0):
 PSYoungGen      total 38400K, used 5110K [0x00000000d5d00000, 0x00000000d8780000, 0x0000000100000000)
  eden space 33280K, 0% used [0x00000000d5d00000,0x00000000d5d00000,0x00000000d7d80000)
  from space 5120K, 99% used [0x00000000d7d80000,0x00000000d827d9b8,0x00000000d8280000)
  to   space 5120K, 0% used [0x00000000d8280000,0x00000000d8280000,0x00000000d8780000)
 ParOldGen       total 87552K, used 5001K [0x0000000081600000, 0x0000000086b80000, 0x00000000d5d00000)
  object space 87552K, 5% used [0x0000000081600000,0x0000000081ae27a8,0x0000000086b80000)
 Metaspace       used 20775K, capacity 21090K, committed 21296K, reserved 1067008K
  class space    used 2768K, capacity 2843K, committed 2864K, reserved 1048576K
}
Event: 3.105 GC heap before
{Heap before GC invocations=4 (full 1):
 PSYoungGen      total 38400K, used 5110K [0x00000000d5d00000, 0x00000000d8780000, 0x0000000100000000)
  eden space 33280K, 0% used [0x00000000d5d00000,0x00000000d5d00000,0x00000000d7d80000)
  from space 5120K, 99% used [0x00000000d7d80000,0x00000000d827d9b8,0x00000000d8280000)
  to   space 5120K, 0% used [0x00000000d8280000,0x00000000d8280000,0x00000000d8780000)
 ParOldGen       total 87552K, used 5001K [0x0000000081600000, 0x0000000086b80000, 0x00000000d5d00000)
  object space 87552K, 5% used [0x0000000081600000,0x0000000081ae27a8,0x0000000086b80000)
 Metaspace       used 20775K, capacity 21090K, committed 21296K, reserved 1067008K
  class space    used 2768K, capacity 2843K, committed 2864K, reserved 1048576K
Event: 3.148 GC heap after
Heap after GC invocations=4 (full 1):
 PSYoungGen      total 38400K, used 0K [0x00000000d5d00000, 0x00000000d8780000, 0x0000000100000000)
  eden space 33280K, 0% used [0x00000000d5d00000,0x00000000d5d00000,0x00000000d7d80000)
  from space 5120K, 0% used [0x00000000d7d80000,0x00000000d7d80000,0x00000000d8280000)
  to   space 5120K, 0% used [0x00000000d8280000,0x00000000d8280000,0x00000000d8780000)
 ParOldGen       total 68096K, used 8463K [0x0000000081600000, 0x0000000085880000, 0x00000000d5d00000)
  object space 68096K, 12% used [0x0000000081600000,0x0000000081e43cb0,0x0000000085880000)
 Metaspace       used 20775K, capacity 21090K, committed 21296K, reserved 1067008K
  class space    used 2768K, capacity 2843K, committed 2864K, reserved 1048576K
}
Event: 4.340 GC heap before
{Heap before GC invocations=5 (full 1):
 PSYoungGen      total 38400K, used 33280K [0x00000000d5d00000, 0x00000000d8780000, 0x0000000100000000)
  eden space 33280K, 100% used [0x00000000d5d00000,0x00000000d7d80000,0x00000000d7d80000)
  from space 5120K, 0% used [0x00000000d7d80000,0x00000000d7d80000,0x00000000d8280000)
  to   space 5120K, 0% used [0x00000000d8280000,0x00000000d8280000,0x00000000d8780000)
 ParOldGen       total 68096K, used 8463K [0x0000000081600000, 0x0000000085880000, 0x00000000d5d00000)
  object space 68096K, 12% used [0x0000000081600000,0x0000000081e43cb0,0x0000000085880000)
 Metaspace       used 27280K, capacity 27634K, committed 27952K, reserved 1073152K
  class space    used 3761K, capacity 3859K, committed 3888K, reserved 1048576K
Event: 4.351 GC heap after
Heap after GC invocations=5 (full 1):
 PSYoungGen      total 38400K, used 5096K [0x00000000d5d00000, 0x00000000d9380000, 0x0000000100000000)
  eden space 33280K, 0% used [0x00000000d5d00000,0x00000000d5d00000,0x00000000d7d80000)
  from space 5120K, 99% used [0x00000000d8280000,0x00000000d877a288,0x00000000d8780000)
  to   space 5120K, 0% used [0x00000000d7d80000,0x00000000d7d80000,0x00000000d8280000)
 ParOldGen       total 68096K, used 9566K [0x0000000081600000, 0x0000000085880000, 0x00000000d5d00000)
  object space 68096K, 14% used [0x0000000081600000,0x0000000081f57810,0x0000000085880000)
 Metaspace       used 27280K, capacity 27634K, committed 27952K, reserved 1073152K
  class space    used 3761K, capacity 3859K, committed 3888K, reserved 1048576K
}
Event: 5.302 GC heap before
{Heap before GC invocations=6 (full 1):
 PSYoungGen      total 38400K, used 28460K [0x00000000d5d00000, 0x00000000d9380000, 0x0000000100000000)
  eden space 33280K, 70% used [0x00000000d5d00000,0x00000000d73d0f38,0x00000000d7d80000)
  from space 5120K, 99% used [0x00000000d8280000,0x00000000d877a288,0x00000000d8780000)
  to   space 5120K, 0% used [0x00000000d7d80000,0x00000000d7d80000,0x00000000d8280000)
 ParOldGen       total 68096K, used 9566K [0x0000000081600000, 0x0000000085880000, 0x00000000d5d00000)
  object space 68096K, 14% used [0x0000000081600000,0x0000000081f57810,0x0000000085880000)
 Metaspace       used 34651K, capacity 35054K, committed 35496K, reserved 1079296K
  class space    used 4781K, capacity 4893K, committed 4912K, reserved 1048576K
Event: 5.308 GC heap after
Heap after GC invocations=6 (full 1):
 PSYoungGen      total 38400K, used 4435K [0x00000000d5d00000, 0x00000000d9d00000, 0x0000000100000000)
  eden space 33280K, 0% used [0x00000000d5d00000,0x00000000d5d00000,0x00000000d7d80000)
  from space 5120K, 86% used [0x00000000d7d80000,0x00000000d81d4f70,0x00000000d8280000)
  to   space 10240K, 0% used [0x00000000d9300000,0x00000000d9300000,0x00000000d9d00000)
 ParOldGen       total 68096K, used 9574K [0x0000000081600000, 0x0000000085880000, 0x00000000d5d00000)
  object space 68096K, 14% used [0x0000000081600000,0x0000000081f59810,0x0000000085880000)
 Metaspace       used 34651K, capacity 35054K, committed 35496K, reserved 1079296K
  class space    used 4781K, capacity 4893K, committed 4912K, reserved 1048576K
}
Event: 5.308 GC heap before
{Heap before GC invocations=7 (full 2):
 PSYoungGen      total 38400K, used 4435K [0x00000000d5d00000, 0x00000000d9d00000, 0x0000000100000000)
  eden space 33280K, 0% used [0x00000000d5d00000,0x00000000d5d00000,0x00000000d7d80000)
  from space 5120K, 86% used [0x00000000d7d80000,0x00000000d81d4f70,0x00000000d8280000)
  to   space 10240K, 0% used [0x00000000d9300000,0x00000000d9300000,0x00000000d9d00000)
 ParOldGen       total 68096K, used 9574K [0x0000000081600000, 0x0000000085880000, 0x00000000d5d00000)
  object space 68096K, 14% used [0x0000000081600000,0x0000000081f59810,0x0000000085880000)
 Metaspace       used 34651K, capacity 35054K, committed 35496K, reserved 1079296K
  class space    used 4781K, capacity 4893K, committed 4912K, reserved 1048576K
Event: 5.375 GC heap after
Heap after GC invocations=7 (full 2):
 PSYoungGen      total 38400K, used 0K [0x00000000d5d00000, 0x00000000d9d00000, 0x0000000100000000)
  eden space 33280K, 0% used [0x00000000d5d00000,0x00000000d5d00000,0x00000000d7d80000)
  from space 5120K, 0% used [0x00000000d7d80000,0x00000000d7d80000,0x00000000d8280000)
  to   space 10240K, 0% used [0x00000000d9300000,0x00000000d9300000,0x00000000d9d00000)
 ParOldGen       total 110080K, used 8993K [0x0000000081600000, 0x0000000088180000, 0x00000000d5d00000)
  object space 110080K, 8% used [0x0000000081600000,0x0000000081ec85c8,0x0000000088180000)
 Metaspace       used 34651K, capacity 35054K, committed 35496K, reserved 1079296K
  class space    used 4781K, capacity 4893K, committed 4912K, reserved 1048576K
}

Deoptimization events (10 events):
Event: 4.921 Thread 0x0000000002fc3800 Uncommon trap: reason=unstable_if action=reinterpret pc=0x0000000003440360 method=java.net.URL.<init>(Ljava/net/URL;Ljava/lang/String;Ljava/net/URLStreamHandler;)V @ 347
Event: 4.931 Thread 0x0000000002fc3800 Uncommon trap: reason=unstable_if action=reinterpret pc=0x00000000033560b4 method=java.lang.String.lastIndexOf([CII[CIII)I @ 118
Event: 4.944 Thread 0x0000000002fc3800 Uncommon trap: reason=unstable_if action=reinterpret pc=0x000000000353d67c method=java.lang.CharacterDataLatin1.isWhitespace(I)Z @ 14
Event: 4.953 Thread 0x0000000002fc3800 Uncommon trap: reason=unstable_if action=reinterpret pc=0x000000000354bbd0 method=java.util.jar.JarFile.maybeInstantiateVerifier()V @ 4
Event: 5.375 Thread 0x00000000030b3800 Uncommon trap: reason=unstable_if action=reinterpret pc=0x000000000362f668 method=java.util.WeakHashMap.eq(Ljava/lang/Object;Ljava/lang/Object;)Z @ 2
Event: 3301.337 Thread 0x000000001b016800 Uncommon trap: reason=class_check action=maybe_recompile pc=0x00000000031ea3b4 method=java.util.Hashtable.get(Ljava/lang/Object;)Ljava/lang/Object; @ 6
Event: 3301.342 Thread 0x000000001b016800 Uncommon trap: reason=class_check action=maybe_recompile pc=0x00000000031ea3b4 method=java.util.Hashtable.get(Ljava/lang/Object;)Ljava/lang/Object; @ 6
Event: 3301.342 Thread 0x000000001b016800 Uncommon trap: reason=class_check action=maybe_recompile pc=0x00000000031ea3b4 method=java.util.Hashtable.get(Ljava/lang/Object;)Ljava/lang/Object; @ 6
Event: 3301.343 Thread 0x000000001b016800 Uncommon trap: reason=class_check action=maybe_recompile pc=0x00000000031ea3b4 method=java.util.Hashtable.get(Ljava/lang/Object;)Ljava/lang/Object; @ 6
Event: 3301.343 Thread 0x000000001b016800 Uncommon trap: reason=unstable_if action=reinterpret pc=0x0000000003201f00 method=java.lang.CharacterData.of(I)Ljava/lang/CharacterData; @ 4

Classes redefined (0 events):
No events

Internal exceptions (10 events):
Event: 4.615 Thread 0x0000000002fc3800 Exception <a 'java/lang/ClassNotFoundException': javax/persistence/Id> (0x00000000d60a3b70) thrown at [C:\re\workspace\8-2-build-windows-amd64-cygwin\jdk8u191\11896\hotspot\src\share\vm\classfile\systemDictionary.cpp, line 210]
Event: 4.615 Thread 0x0000000002fc3800 Exception <a 'java/lang/ClassNotFoundException': javax/persistence/GeneratedValue> (0x00000000d60a3fe0) thrown at [C:\re\workspace\8-2-build-windows-amd64-cygwin\jdk8u191\11896\hotspot\src\share\vm\classfile\systemDictionary.cpp, line 210]
Event: 4.615 Thread 0x0000000002fc3800 Exception <a 'java/lang/ClassNotFoundException': javax/persistence/Temporal> (0x00000000d60a44a0) thrown at [C:\re\workspace\8-2-build-windows-amd64-cygwin\jdk8u191\11896\hotspot\src\share\vm\classfile\systemDictionary.cpp, line 210]
Event: 4.930 Thread 0x0000000002fc3800 Exception <a 'java/lang/ClassNotFoundException': javax/servlet/ServletContext> (0x00000000d6702ce8) thrown at [C:\re\workspace\8-2-build-windows-amd64-cygwin\jdk8u191\11896\hotspot\src\share\vm\classfile\systemDictionary.cpp, line 210]
Event: 4.934 Thread 0x0000000002fc3800 Exception <a 'java/lang/ClassNotFoundException': com/sun/org/glassfish/gmbal/impl/ManagedObjectManagerImpl> (0x00000000d67073b0) thrown at [C:\re\workspace\8-2-build-windows-amd64-cygwin\jdk8u191\11896\hotspot\src\share\vm\classfile\systemDictionary.cpp, 
Event: 4.942 Thread 0x0000000002fc3800 Exception <a 'java/io/FileNotFoundException'> (0x00000000d674ff70) thrown at [C:\re\workspace\8-2-build-windows-amd64-cygwin\jdk8u191\11896\hotspot\src\share\vm\prims\jni.cpp, line 709]
Event: 4.942 Thread 0x0000000002fc3800 Exception <a 'java/io/FileNotFoundException'> (0x00000000d6750a48) thrown at [C:\re\workspace\8-2-build-windows-amd64-cygwin\jdk8u191\11896\hotspot\src\share\vm\prims\jni.cpp, line 709]
Event: 4.952 Thread 0x0000000002fc3800 Exception <a 'java/lang/ClassNotFoundException': com/sun/org/glassfish/hk2/osgiresourcelocator/ServiceLoader> (0x00000000d678e1d0) thrown at [C:\re\workspace\8-2-build-windows-amd64-cygwin\jdk8u191\11896\hotspot\src\share\vm\classfile\systemDictionary.cpp
Event: 5.016 Thread 0x0000000002fc3800 Exception <a 'java/lang/NullPointerException'> (0x00000000d6a22b18) thrown at [C:\re\workspace\8-2-build-windows-amd64-cygwin\jdk8u191\11896\hotspot\src\share\vm\interpreter\linkResolver.cpp, line 1287]
Event: 5.286 Thread 0x0000000002fc3800 Exception <a 'java/lang/ClassNotFoundException': javax/servlet/ServletContext> (0x00000000d732c2f0) thrown at [C:\re\workspace\8-2-build-windows-amd64-cygwin\jdk8u191\11896\hotspot\src\share\vm\classfile\systemDictionary.cpp, line 210]

Events (10 events):
Event: 4384.484 Thread 0x00000000179e4000 flushing nmethod 0x00000000031d13d0
Event: 4384.484 Thread 0x00000000179e4000 flushing nmethod 0x00000000031d3c90
Event: 4384.484 Thread 0x00000000179e4000 flushing nmethod 0x0000000003202150
Event: 4400.628 Thread 0x00000000179e4000 flushing nmethod 0x000000000323d9d0
Event: 4400.629 Executing VM operation: RevokeBias
Event: 4400.679 Executing VM operation: RevokeBias done
Event: 4400.679 Thread 0x00000000179e4000 flushing nmethod 0x0000000003242dd0
Event: 4460.695 Executing VM operation: RevokeBias
Event: 4460.695 Executing VM operation: RevokeBias done
Event: 4460.695 Thread 0x000000001d523000 Thread exited: 0x000000001d523000


Dynamic libraries:
0x00007ff631100000 - 0x00007ff631137000 	C:\Program Files\Java\jdk1.8.0_191\bin\java.exe
0x00007fff24120000 - 0x00007fff24310000 	C:\WINDOWS\SYSTEM32\ntdll.dll
0x00007fff23bd0000 - 0x00007fff23c82000 	C:\WINDOWS\System32\KERNEL32.DLL
0x00007fff21ae0000 - 0x00007fff21d84000 	C:\WINDOWS\System32\KERNELBASE.dll
0x00007fff23f30000 - 0x00007fff23fd3000 	C:\WINDOWS\System32\ADVAPI32.dll
0x00007fff22630000 - 0x00007fff226ce000 	C:\WINDOWS\System32\msvcrt.dll
0x00007fff226e0000 - 0x00007fff22777000 	C:\WINDOWS\System32\sechost.dll
0x00007fff221d0000 - 0x00007fff222f0000 	C:\WINDOWS\System32\RPCRT4.dll
0x00007fff23990000 - 0x00007fff23b24000 	C:\WINDOWS\System32\USER32.dll
0x00007fff210b0000 - 0x00007fff210d1000 	C:\WINDOWS\System32\win32u.dll
0x00007fff23fe0000 - 0x00007fff24006000 	C:\WINDOWS\System32\GDI32.dll
0x00007fff21d90000 - 0x00007fff21f24000 	C:\WINDOWS\System32\gdi32full.dll
0x00007fff220b0000 - 0x00007fff2214e000 	C:\WINDOWS\System32\msvcp_win.dll
0x00007fff219e0000 - 0x00007fff21ada000 	C:\WINDOWS\System32\ucrtbase.dll
0x00007fff17940000 - 0x00007fff17bc4000 	C:\WINDOWS\WinSxS\amd64_microsoft.windows.common-controls_6595b64144ccf1df_6.0.18362.836_none_e6c4b943130f18ed\COMCTL32.dll
0x00007fff222f0000 - 0x00007fff22626000 	C:\WINDOWS\System32\combase.dll
0x00007fff21960000 - 0x00007fff219e0000 	C:\WINDOWS\System32\bcryptPrimitives.dll
0x00007fff22780000 - 0x00007fff227ae000 	C:\WINDOWS\System32\IMM32.DLL
0x0000000053d00000 - 0x0000000053dd2000 	C:\Program Files\Java\jdk1.8.0_191\jre\bin\msvcr100.dll
0x0000000053de0000 - 0x0000000054684000 	C:\Program Files\Java\jdk1.8.0_191\jre\bin\server\jvm.dll
0x00007fff23e60000 - 0x00007fff23e68000 	C:\WINDOWS\System32\PSAPI.DLL
0x00007fff12550000 - 0x00007fff12559000 	C:\WINDOWS\SYSTEM32\WSOCK32.dll
0x00007fff23920000 - 0x00007fff2398f000 	C:\WINDOWS\System32\WS2_32.dll
0x00007fff1ae10000 - 0x00007fff1ae34000 	C:\WINDOWS\SYSTEM32\WINMM.dll
0x00007fff18df0000 - 0x00007fff18dfa000 	C:\WINDOWS\SYSTEM32\VERSION.dll
0x00007fff17df0000 - 0x00007fff17e1d000 	C:\WINDOWS\SYSTEM32\WINMMBASE.dll
0x00007fff21910000 - 0x00007fff2195a000 	C:\WINDOWS\System32\cfgmgr32.dll
0x0000000053cb0000 - 0x0000000053cbf000 	C:\Program Files\Java\jdk1.8.0_191\jre\bin\verify.dll
0x0000000053c80000 - 0x0000000053ca9000 	C:\Program Files\Java\jdk1.8.0_191\jre\bin\java.dll
0x0000000053c60000 - 0x0000000053c76000 	C:\Program Files\Java\jdk1.8.0_191\jre\bin\zip.dll
0x00007fff23230000 - 0x00007fff23914000 	C:\WINDOWS\System32\SHELL32.dll
0x00007fff23c90000 - 0x00007fff23d39000 	C:\WINDOWS\System32\shcore.dll
0x00007fff21190000 - 0x00007fff2190e000 	C:\WINDOWS\System32\windows.storage.dll
0x00007fff21080000 - 0x00007fff210a3000 	C:\WINDOWS\System32\profapi.dll
0x00007fff21010000 - 0x00007fff2105a000 	C:\WINDOWS\System32\powrprof.dll
0x00007fff20fe0000 - 0x00007fff20ff0000 	C:\WINDOWS\System32\UMPDC.dll
0x00007fff23ed0000 - 0x00007fff23f22000 	C:\WINDOWS\System32\shlwapi.dll
0x00007fff20ff0000 - 0x00007fff21001000 	C:\WINDOWS\System32\kernel.appcore.dll
0x00007fff22150000 - 0x00007fff22167000 	C:\WINDOWS\System32\cryptsp.dll
0x00007fff20360000 - 0x00007fff20393000 	C:\WINDOWS\system32\rsaenh.dll
0x00007fff22080000 - 0x00007fff220a6000 	C:\WINDOWS\System32\bcrypt.dll
0x00007fff20ed0000 - 0x00007fff20ef5000 	C:\WINDOWS\SYSTEM32\USERENV.dll
0x00007fff209c0000 - 0x00007fff209cc000 	C:\WINDOWS\SYSTEM32\CRYPTBASE.dll
0x0000000053c40000 - 0x0000000053c5a000 	C:\Program Files\Java\jdk1.8.0_191\jre\bin\net.dll
0x00007fff207f0000 - 0x00007fff20857000 	C:\WINDOWS\system32\mswsock.dll
0x00007fff20500000 - 0x00007fff2053a000 	C:\WINDOWS\SYSTEM32\IPHLPAPI.DLL
0x00007fff226d0000 - 0x00007fff226d8000 	C:\WINDOWS\System32\NSI.dll
0x00007fff1a4e0000 - 0x00007fff1a4f6000 	C:\WINDOWS\SYSTEM32\dhcpcsvc6.DLL
0x00007fff1a6e0000 - 0x00007fff1a6fc000 	C:\WINDOWS\SYSTEM32\dhcpcsvc.DLL
0x00007fff20540000 - 0x00007fff2060b000 	C:\WINDOWS\SYSTEM32\DNSAPI.dll
0x0000000053c20000 - 0x0000000053c31000 	C:\Program Files\Java\jdk1.8.0_191\jre\bin\nio.dll
0x00007fff1a4d0000 - 0x00007fff1a4da000 	C:\Windows\System32\rasadhlp.dll
0x00007fff1a5e0000 - 0x00007fff1a657000 	C:\WINDOWS\System32\fwpuclnt.dll

VM Arguments:
java_command: br.ifms.tsi.ipli.servidorcovid_19.servidor
java_class_path (initial): C:\Users\Rodrigo\Documents\NetBeansProjects\ServidorCovid_19\target\classes;C:\Users\Rodrigo\.m2\repository\mysql\mysql-connector-java\8.0.15\mysql-connector-java-8.0.15.jar;C:\Users\Rodrigo\.m2\repository\com\google\protobuf\protobuf-java\3.6.1\protobuf-java-3.6.1.jar;C:\Users\Rodrigo\.m2\repository\org\hibernate\hibernate-core\5.4.5.Final\hibernate-core-5.4.5.Final.jar;C:\Users\Rodrigo\.m2\repository\org\jboss\logging\jboss-logging\3.3.2.Final\jboss-logging-3.3.2.Final.jar;C:\Users\Rodrigo\.m2\repository\javax\persistence\javax.persistence-api\2.2\javax.persistence-api-2.2.jar;C:\Users\Rodrigo\.m2\repository\org\javassist\javassist\3.24.0-GA\javassist-3.24.0-GA.jar;C:\Users\Rodrigo\.m2\repository\net\bytebuddy\byte-buddy\1.9.11\byte-buddy-1.9.11.jar;C:\Users\Rodrigo\.m2\repository\antlr\antlr\2.7.7\antlr-2.7.7.jar;C:\Users\Rodrigo\.m2\repository\org\jboss\spec\javax\transaction\jboss-transaction-api_1.2_spec\1.1.1.Final\jboss-transaction-api_1.2_spec-1.1.1.Final.jar;C:\Users\Rodrigo\.m2\repository\org\jboss\jandex\2.0.5.Final\jandex-2.0.5.Final.jar;C:\Users\Rodrigo\.m2\repository\com\fasterxml\classmate\1.3.4\classmate-1.3.4.jar;C:\Users\Rodrigo\.m2\repository\javax\activation\javax.activation-api\1.2.0\javax.activation-api-1.2.0.jar;C:\Users\Rodrigo\.m2\repository\org\dom4j\dom4j\2.1.1\dom4j-2.1.1.jar;C:\Users\Rodrigo\.m2\repository\org\hibernate\common\hibernate-commons-annotations\5.1.0.Final\hibernate-commons-annotations-5.1.0.Final.jar;C:\Users\Rodrigo\.m2\repository\javax\xml\bind\jaxb-api\2.3.1\jaxb-api-2.3.1.jar;C:\Users\Rodrigo\.m2\repository\org\glassfish\jaxb\jaxb-runtime\2.3.1\jaxb-runtime-2.3.1.jar;C:\Users\Rodrigo\.m2\repository\org\glassfish\jaxb\txw2\2.3.1\txw2-2.3.1.jar;C:\Users\Rodrigo\.m2\repository\com\sun\istack\istack-commons-runtime\3.0.7\istack-commons-runtime-3.0.7.jar;C:\Users\Rodrigo\.m2\repository\org\jvnet\staxex\stax-ex\1.8\stax-ex-1.8.jar;C:\Users\Rodrigo\.m2\repository\com\sun\xml\fastinfoset\FastInfoset
Launcher Type: SUN_STANDARD

Environment Variables:
JAVA_HOME=C:\Program Files\Java\jdk1.8.0_191
PATH=C:\LPI4\apache-maven-3.6.3\bin;C:\WINDOWS\system32;C:\WINDOWS;C:\WINDOWS\System32\Wbem;C:\WINDOWS\System32\WindowsPowerShell\v1.0\;C:\WINDOWS\System32\OpenSSH\;C:\xampp\php\php.exe;C:\Program Files\nodejs\;C:\Program Files\Git\cmd;%JAVA_HOME%\bin;%CATALINA_HOME%\bin;C:\LPI4\apache-maven-3.6.3\bin;C:\Users\Rodrigo\AppData\Local\Programs\Microsoft VS Code\bin;C:\Users\Rodrigo\AppData\Roaming\npm;C:\Program Files\Java\jdk1.8.0_191\bin;C:\LPI4\apache-tomcat-9.0.30-windows-x64\apache-tomcat-9.0.30\bin;;C:\Users\Rodrigo\AppData\Local\Microsoft\WindowsApps
USERNAME=Rodrigo
OS=Windows_NT
PROCESSOR_IDENTIFIER=Intel64 Family 6 Model 142 Stepping 9, GenuineIntel



---------------  S Y S T E M  ---------------

OS: Windows 10.0 , 64 bit Build 18362 (10.0.18362.778)

CPU:total 2 (initial active 2) (2 cores per cpu, 1 threads per core) family 6 model 142 stepping 9, cmov, cx8, fxsr, mmx, sse, sse2, sse3, ssse3, sse4.1, sse4.2, popcnt, aes, clmul, erms, 3dnowpref, lzcnt, tsc, tscinvbit

Memory: 4k page, physical 8296568k(227192k free), swap 33462392k(0k free)

vm_info: Java HotSpot(TM) 64-Bit Server VM (25.191-b12) for windows-amd64 JRE (1.8.0_191-b12), built on Oct  6 2018 09:29:03 by "java_re" with MS VC++ 10.0 (VS2010)

time: Tue May 26 13:29:42 2020
elapsed time: 7334 seconds (0d 2h 2m 14s)

